2025-06-22T10:48:58: Loading 0 existing rooms from database
2025-06-22T10:48:58: Server started successfully on port 8080.
2025-06-22T10:49:12: Loading 0 existing rooms from database
2025-06-22T10:49:12: Server started successfully on port 8080.
2025-06-22T11:01:06: Loading 0 existing rooms from database
2025-06-22T11:01:06: Server started successfully on port 8080.
2025-06-22T11:03:04: Room ce98eb4 created by nigga.
2025-06-22T11:03:15: sreus requested to join room ce98eb4.
2025-06-22T11:03:19: sreus has been admitted to room ce98eb4.
2025-06-22T11:04:35: nigga left room ce98eb4. Room persists with 1 active users.
2025-06-22T11:05:18: shit requested to join room ce98eb4.
2025-06-22T11:05:22: shit has been admitted to room ce98eb4.
2025-06-22T11:05:22: nigga requested to join room ce98eb4.
2025-06-22T11:05:25: nigga has been admitted to room ce98eb4.
2025-06-22T11:09:59: sreus left room ce98eb4. Room persists with 2 active users.
2025-06-22T11:12:58: shit left room ce98eb4. Room persists with 1 active users.
2025-06-22T11:14:47: nigga left room ce98eb4. Room persists with 0 active users.
2025-06-22T18:31:39: Room 6dce308 created by windows.
2025-06-22T18:32:02: phone2 requested to join room 6dce308.
2025-06-22T18:32:06: phone2 has been admitted to room 6dce308.
2025-06-22T18:33:06: laptop requested to join room 6dce308.
2025-06-22T18:33:11: laptop has been admitted to room 6dce308.
2025-06-22T18:36:12: phone2 left room 6dce308. Room persists with 2 active users.
2025-06-22T18:37:31: Room 6dce308 deleted by admin windows
