2025-06-22T10:48:58: Loading 0 existing rooms from database
2025-06-22T10:48:58: Server started successfully on port 8080.
2025-06-22T10:49:12: Loading 0 existing rooms from database
2025-06-22T10:49:12: Server started successfully on port 8080.
2025-06-22T11:01:06: Loading 0 existing rooms from database
2025-06-22T11:01:06: Server started successfully on port 8080.
2025-06-22T11:03:04: Room ce98eb4 created by nigga.
2025-06-22T11:03:15: sreus requested to join room ce98eb4.
2025-06-22T11:03:19: sreus has been admitted to room ce98eb4.
2025-06-22T11:04:35: nigga left room ce98eb4. Room persists with 1 active users.
2025-06-22T11:05:18: shit requested to join room ce98eb4.
2025-06-22T11:05:22: shit has been admitted to room ce98eb4.
2025-06-22T11:05:22: nigga requested to join room ce98eb4.
2025-06-22T11:05:25: nigga has been admitted to room ce98eb4.
2025-06-22T11:09:59: sreus left room ce98eb4. Room persists with 2 active users.
2025-06-22T11:12:58: shit left room ce98eb4. Room persists with 1 active users.
2025-06-22T11:14:47: nigga left room ce98eb4. Room persists with 0 active users.
2025-06-22T18:31:39: Room 6dce308 created by windows.
2025-06-22T18:32:02: phone2 requested to join room 6dce308.
2025-06-22T18:32:06: phone2 has been admitted to room 6dce308.
2025-06-22T18:33:06: laptop requested to join room 6dce308.
2025-06-22T18:33:11: laptop has been admitted to room 6dce308.
2025-06-22T18:36:12: phone2 left room 6dce308. Room persists with 2 active users.
2025-06-22T18:37:31: Room 6dce308 deleted by admin windows
2025-06-25T16:11:37: Room 3ee5bda created by sreus.
2025-06-25T16:15:54: sreus left room 3ee5bda. Room persists with 0 active users.
2025-06-26T06:48:44: Error connecting to Postgres PrismaClientInitializationError: Can't reach database server at `localhost:5432`
2025-06-26T06:48:44: 
2025-06-26T06:48:44: Please make sure your database server is running at `localhost:5432`.
2025-06-26T06:48:44:     at r (/opt/radiochat/node_modules/@prisma/client/runtime/library.js:112:2565)
2025-06-26T06:48:44:     at async initDB (/opt/radiochat/dist/db.js:18:9)
2025-06-26T06:48:44:     at async initialize (/opt/radiochat/dist/server.js:14:5) {
2025-06-26T06:48:44:   clientVersion: '6.10.1',
2025-06-26T06:48:44:   errorCode: 'P1001',
2025-06-26T06:48:44:   retryable: undefined
2025-06-26T06:48:44: }
2025-06-26T06:57:11: Received SIGTERM, shutting down gracefully...
2025-06-26T06:57:21: Error connecting to Postgres PrismaClientInitializationError: Can't reach database server at `localhost:5432`
2025-06-26T06:57:21: 
2025-06-26T06:57:21: Please make sure your database server is running at `localhost:5432`.
2025-06-26T06:57:21:     at r (/opt/radiochat/node_modules/@prisma/client/runtime/library.js:112:2565)
2025-06-26T06:57:21:     at async initDB (/opt/radiochat/dist/db.js:18:9)
2025-06-26T06:57:21:     at async initialize (/opt/radiochat/dist/server.js:14:5) {
2025-06-26T06:57:21:   clientVersion: '6.10.1',
2025-06-26T06:57:21:   errorCode: 'P1001',
2025-06-26T06:57:21:   retryable: undefined
2025-06-26T06:57:21: }
2025-06-26T06:57:38: Received SIGINT, shutting down gracefully...
2025-06-27T12:08:17: Error connecting to Postgres PrismaClientInitializationError: Can't reach database server at `localhost:5432`
2025-06-27T12:08:17: 
2025-06-27T12:08:17: Please make sure your database server is running at `localhost:5432`.
2025-06-27T12:08:17:     at r (/opt/radiochat/node_modules/@prisma/client/runtime/library.js:112:2565)
2025-06-27T12:08:17:     at async initDB (/opt/radiochat/dist/db.js:18:9)
2025-06-27T12:08:17:     at async initialize (/opt/radiochat/dist/server.js:14:5) {
2025-06-27T12:08:17:   clientVersion: '6.10.1',
2025-06-27T12:08:17:   errorCode: 'P1001',
2025-06-27T12:08:17:   retryable: undefined
2025-06-27T12:08:17: }
2025-06-27T12:15:23: Received SIGINT, shutting down gracefully...
2025-06-27T12:16:04: Error connecting to Postgres PrismaClientInitializationError: Can't reach database server at `localhost:5432`
2025-06-27T12:16:04: 
2025-06-27T12:16:04: Please make sure your database server is running at `localhost:5432`.
2025-06-27T12:16:04:     at r (/opt/radiochat/node_modules/@prisma/client/runtime/library.js:112:2565)
2025-06-27T12:16:04:     at async initDB (/opt/radiochat/dist/db.js:18:9)
2025-06-27T12:16:04:     at async initialize (/opt/radiochat/dist/server.js:14:5) {
2025-06-27T12:16:04:   clientVersion: '6.10.1',
2025-06-27T12:16:04:   errorCode: 'P1001',
2025-06-27T12:16:04:   retryable: undefined
2025-06-27T12:16:04: }
2025-06-27T12:35:41: Received SIGINT, shutting down gracefully...
2025-06-27T12:36:17: [dotenv@16.6.0] injecting env (5) from .env
2025-06-27T12:36:17: Initializing server...
2025-06-27T12:36:22: Error connecting to Postgres PrismaClientInitializationError: Can't reach database server at `localhost:5432`
2025-06-27T12:36:22: 
2025-06-27T12:36:22: Please make sure your database server is running at `localhost:5432`.
2025-06-27T12:36:22:     at r (/opt/radiochat/node_modules/@prisma/client/runtime/library.js:112:2565)
2025-06-27T12:36:22:     at async initDB (/opt/radiochat/dist/db.js:23:9)
2025-06-27T12:36:22:     at async initialize (/opt/radiochat/dist/server.js:19:9) {
2025-06-27T12:36:22:   clientVersion: '6.10.1',
2025-06-27T12:36:22:   errorCode: 'P1001',
2025-06-27T12:36:22:   retryable: undefined
2025-06-27T12:36:22: }
2025-06-27T12:36:26: [dotenv@16.6.0] injecting env (5) from .env
2025-06-27T12:36:26: Initializing server...
2025-06-27T12:36:31: Error connecting to Postgres PrismaClientInitializationError: Can't reach database server at `localhost:5432`
2025-06-27T12:36:31: 
2025-06-27T12:36:31: Please make sure your database server is running at `localhost:5432`.
2025-06-27T12:36:31:     at r (/opt/radiochat/node_modules/@prisma/client/runtime/library.js:112:2565)
2025-06-27T12:36:31:     at async initDB (/opt/radiochat/dist/db.js:23:9)
2025-06-27T12:36:31:     at async initialize (/opt/radiochat/dist/server.js:19:9) {
2025-06-27T12:36:31:   clientVersion: '6.10.1',
2025-06-27T12:36:31:   errorCode: 'P1001',
2025-06-27T12:36:31:   retryable: undefined
2025-06-27T12:36:31: }
2025-06-27T12:36:36: [dotenv@16.6.0] injecting env (5) from .env
2025-06-27T12:36:36: Initializing server...
2025-06-27T12:36:41: Error connecting to Postgres PrismaClientInitializationError: Can't reach database server at `localhost:5432`
2025-06-27T12:36:41: 
2025-06-27T12:36:41: Please make sure your database server is running at `localhost:5432`.
2025-06-27T12:36:41:     at r (/opt/radiochat/node_modules/@prisma/client/runtime/library.js:112:2565)
2025-06-27T12:36:41:     at async initDB (/opt/radiochat/dist/db.js:23:9)
2025-06-27T12:36:41:     at async initialize (/opt/radiochat/dist/server.js:19:9) {
2025-06-27T12:36:41:   clientVersion: '6.10.1',
2025-06-27T12:36:41:   errorCode: 'P1001',
2025-06-27T12:36:41:   retryable: undefined
2025-06-27T12:36:41: }
2025-06-27T12:36:45: [dotenv@16.6.0] injecting env (5) from .env
2025-06-27T12:36:45: Initializing server...
2025-06-27T12:36:51: Error connecting to Postgres PrismaClientInitializationError: Can't reach database server at `localhost:5432`
2025-06-27T12:36:51: 
2025-06-27T12:36:51: Please make sure your database server is running at `localhost:5432`.
2025-06-27T12:36:51:     at r (/opt/radiochat/node_modules/@prisma/client/runtime/library.js:112:2565)
2025-06-27T12:36:51:     at async initDB (/opt/radiochat/dist/db.js:23:9)
2025-06-27T12:36:51:     at async initialize (/opt/radiochat/dist/server.js:19:9) {
2025-06-27T12:36:51:   clientVersion: '6.10.1',
2025-06-27T12:36:51:   errorCode: 'P1001',
2025-06-27T12:36:51:   retryable: undefined
2025-06-27T12:36:51: }
2025-06-27T12:36:56: [dotenv@16.6.0] injecting env (5) from .env
2025-06-27T12:36:56: Initializing server...
2025-06-27T12:37:01: Error connecting to Postgres PrismaClientInitializationError: Can't reach database server at `localhost:5432`
2025-06-27T12:37:01: 
2025-06-27T12:37:01: Please make sure your database server is running at `localhost:5432`.
2025-06-27T12:37:01:     at r (/opt/radiochat/node_modules/@prisma/client/runtime/library.js:112:2565)
2025-06-27T12:37:01:     at async initDB (/opt/radiochat/dist/db.js:23:9)
2025-06-27T12:37:01:     at async initialize (/opt/radiochat/dist/server.js:19:9) {
2025-06-27T12:37:01:   clientVersion: '6.10.1',
2025-06-27T12:37:01:   errorCode: 'P1001',
2025-06-27T12:37:01:   retryable: undefined
2025-06-27T12:37:01: }
2025-06-27T12:37:06: [dotenv@16.6.0] injecting env (5) from .env
2025-06-27T12:37:06: Initializing server...
2025-06-27T12:37:11: Error connecting to Postgres PrismaClientInitializationError: Can't reach database server at `localhost:5432`
2025-06-27T12:37:11: 
2025-06-27T12:37:11: Please make sure your database server is running at `localhost:5432`.
2025-06-27T12:37:11:     at r (/opt/radiochat/node_modules/@prisma/client/runtime/library.js:112:2565)
2025-06-27T12:37:11:     at async initDB (/opt/radiochat/dist/db.js:23:9)
2025-06-27T12:37:11:     at async initialize (/opt/radiochat/dist/server.js:19:9) {
2025-06-27T12:37:11:   clientVersion: '6.10.1',
2025-06-27T12:37:11:   errorCode: 'P1001',
2025-06-27T12:37:11:   retryable: undefined
2025-06-27T12:37:11: }
2025-06-27T12:37:15: [dotenv@16.6.0] injecting env (5) from .env
2025-06-27T12:37:15: Initializing server...
2025-06-27T12:37:18: Received SIGINT, shutting down gracefully...
2025-06-27T12:37:20: Error connecting to Postgres PrismaClientInitializationError: Can't reach database server at `localhost:5432`
2025-06-27T12:37:20: 
2025-06-27T12:37:20: Please make sure your database server is running at `localhost:5432`.
2025-06-27T12:37:20:     at r (/opt/radiochat/node_modules/@prisma/client/runtime/library.js:112:2565) {
2025-06-27T12:37:20:   clientVersion: '6.10.1',
2025-06-27T12:37:20:   errorCode: 'P1001',
2025-06-27T12:37:20:   retryable: undefined
2025-06-27T12:37:20: }
2025-06-27T12:37:21: [dotenv@16.6.0] injecting env (5) from .env
2025-06-27T12:37:21: Initializing server...
2025-06-27T12:37:26: Error connecting to Postgres PrismaClientInitializationError: Can't reach database server at `localhost:5432`
2025-06-27T12:37:26: 
2025-06-27T12:37:26: Please make sure your database server is running at `localhost:5432`.
2025-06-27T12:37:26:     at r (/opt/radiochat/node_modules/@prisma/client/runtime/library.js:112:2565)
2025-06-27T12:37:26:     at async initDB (/opt/radiochat/dist/db.js:23:9)
2025-06-27T12:37:26:     at async initialize (/opt/radiochat/dist/server.js:19:9) {
2025-06-27T12:37:26:   clientVersion: '6.10.1',
2025-06-27T12:37:26:   errorCode: 'P1001',
2025-06-27T12:37:26:   retryable: undefined
2025-06-27T12:37:26: }
2025-06-27T12:37:30: [dotenv@16.6.0] injecting env (5) from .env
2025-06-27T12:37:31: Initializing server...
2025-06-27T12:37:36: Error connecting to Postgres PrismaClientInitializationError: Can't reach database server at `localhost:5432`
2025-06-27T12:37:36: 
2025-06-27T12:37:36: Please make sure your database server is running at `localhost:5432`.
2025-06-27T12:37:36:     at r (/opt/radiochat/node_modules/@prisma/client/runtime/library.js:112:2565)
2025-06-27T12:37:36:     at async initDB (/opt/radiochat/dist/db.js:23:9)
2025-06-27T12:37:36:     at async initialize (/opt/radiochat/dist/server.js:19:9) {
2025-06-27T12:37:36:   clientVersion: '6.10.1',
2025-06-27T12:37:36:   errorCode: 'P1001',
2025-06-27T12:37:36:   retryable: undefined
2025-06-27T12:37:36: }
2025-06-27T12:37:40: [dotenv@16.6.0] injecting env (5) from .env
2025-06-27T12:37:40: Initializing server...
2025-06-27T12:37:45: Error connecting to Postgres PrismaClientInitializationError: Can't reach database server at `localhost:5432`
2025-06-27T12:37:45: 
2025-06-27T12:37:45: Please make sure your database server is running at `localhost:5432`.
2025-06-27T12:37:45:     at r (/opt/radiochat/node_modules/@prisma/client/runtime/library.js:112:2565)
2025-06-27T12:37:45:     at async initDB (/opt/radiochat/dist/db.js:23:9)
2025-06-27T12:37:45:     at async initialize (/opt/radiochat/dist/server.js:19:9) {
2025-06-27T12:37:45:   clientVersion: '6.10.1',
2025-06-27T12:37:45:   errorCode: 'P1001',
2025-06-27T12:37:45:   retryable: undefined
2025-06-27T12:37:45: }
2025-06-27T12:37:50: [dotenv@16.6.0] injecting env (5) from .env
2025-06-27T12:37:50: Initializing server...
2025-06-27T12:37:55: Error connecting to Postgres PrismaClientInitializationError: Can't reach database server at `localhost:5432`
2025-06-27T12:37:55: 
2025-06-27T12:37:55: Please make sure your database server is running at `localhost:5432`.
2025-06-27T12:37:55:     at r (/opt/radiochat/node_modules/@prisma/client/runtime/library.js:112:2565)
2025-06-27T12:37:55:     at async initDB (/opt/radiochat/dist/db.js:23:9)
2025-06-27T12:37:55:     at async initialize (/opt/radiochat/dist/server.js:19:9) {
2025-06-27T12:37:55:   clientVersion: '6.10.1',
2025-06-27T12:37:55:   errorCode: 'P1001',
2025-06-27T12:37:55:   retryable: undefined
2025-06-27T12:37:55: }
2025-06-27T12:37:59: [dotenv@16.6.0] injecting env (5) from .env
2025-06-27T12:37:59: Initializing server...
2025-06-27T12:38:04: Error connecting to Postgres PrismaClientInitializationError: Can't reach database server at `localhost:5432`
2025-06-27T12:38:04: 
2025-06-27T12:38:04: Please make sure your database server is running at `localhost:5432`.
2025-06-27T12:38:04:     at r (/opt/radiochat/node_modules/@prisma/client/runtime/library.js:112:2565)
2025-06-27T12:38:04:     at async initDB (/opt/radiochat/dist/db.js:23:9)
2025-06-27T12:38:04:     at async initialize (/opt/radiochat/dist/server.js:19:9) {
2025-06-27T12:38:04:   clientVersion: '6.10.1',
2025-06-27T12:38:04:   errorCode: 'P1001',
2025-06-27T12:38:04:   retryable: undefined
2025-06-27T12:38:04: }
2025-06-27T12:38:09: [dotenv@16.6.0] injecting env (5) from .env
2025-06-27T12:38:09: Initializing server...
2025-06-27T12:38:14: Error connecting to Postgres PrismaClientInitializationError: Can't reach database server at `localhost:5432`
2025-06-27T12:38:14: 
2025-06-27T12:38:14: Please make sure your database server is running at `localhost:5432`.
2025-06-27T12:38:14:     at r (/opt/radiochat/node_modules/@prisma/client/runtime/library.js:112:2565)
2025-06-27T12:38:14:     at async initDB (/opt/radiochat/dist/db.js:23:9)
2025-06-27T12:38:14:     at async initialize (/opt/radiochat/dist/server.js:19:9) {
2025-06-27T12:38:14:   clientVersion: '6.10.1',
2025-06-27T12:38:14:   errorCode: 'P1001',
2025-06-27T12:38:14:   retryable: undefined
2025-06-27T12:38:14: }
2025-06-27T12:38:18: [dotenv@16.6.0] injecting env (5) from .env
2025-06-27T12:38:19: Initializing server...
2025-06-27T12:38:24: Error connecting to Postgres PrismaClientInitializationError: Can't reach database server at `localhost:5432`
2025-06-27T12:38:24: 
2025-06-27T12:38:24: Please make sure your database server is running at `localhost:5432`.
2025-06-27T12:38:24:     at r (/opt/radiochat/node_modules/@prisma/client/runtime/library.js:112:2565)
2025-06-27T12:38:24:     at async initDB (/opt/radiochat/dist/db.js:23:9)
2025-06-27T12:38:24:     at async initialize (/opt/radiochat/dist/server.js:19:9) {
2025-06-27T12:38:24:   clientVersion: '6.10.1',
2025-06-27T12:38:24:   errorCode: 'P1001',
2025-06-27T12:38:24:   retryable: undefined
2025-06-27T12:38:24: }
2025-06-27T12:38:28: [dotenv@16.6.0] injecting env (5) from .env
2025-06-27T12:38:28: Initializing server...
2025-06-27T12:38:33: Error connecting to Postgres PrismaClientInitializationError: Can't reach database server at `localhost:5432`
2025-06-27T12:38:33: 
2025-06-27T12:38:33: Please make sure your database server is running at `localhost:5432`.
2025-06-27T12:38:33:     at r (/opt/radiochat/node_modules/@prisma/client/runtime/library.js:112:2565)
2025-06-27T12:38:33:     at async initDB (/opt/radiochat/dist/db.js:23:9)
2025-06-27T12:38:33:     at async initialize (/opt/radiochat/dist/server.js:19:9) {
2025-06-27T12:38:33:   clientVersion: '6.10.1',
2025-06-27T12:38:33:   errorCode: 'P1001',
2025-06-27T12:38:33:   retryable: undefined
2025-06-27T12:38:33: }
2025-06-27T12:38:38: [dotenv@16.6.0] injecting env (5) from .env
2025-06-27T12:38:38: Initializing server...
2025-06-27T12:38:43: Error connecting to Postgres PrismaClientInitializationError: Can't reach database server at `localhost:5432`
2025-06-27T12:38:43: 
2025-06-27T12:38:43: Please make sure your database server is running at `localhost:5432`.
2025-06-27T12:38:43:     at r (/opt/radiochat/node_modules/@prisma/client/runtime/library.js:112:2565)
2025-06-27T12:38:43:     at async initDB (/opt/radiochat/dist/db.js:23:9)
2025-06-27T12:38:43:     at async initialize (/opt/radiochat/dist/server.js:19:9) {
2025-06-27T12:38:43:   clientVersion: '6.10.1',
2025-06-27T12:38:43:   errorCode: 'P1001',
2025-06-27T12:38:43:   retryable: undefined
2025-06-27T12:38:43: }
2025-06-27T12:40:06: [dotenv@16.6.0] injecting env (5) from .env
2025-06-27T12:40:06: Initializing server...
2025-06-27T12:40:06: DATABASE_URL configured: YES
2025-06-27T12:40:06: DATABASE_URL uses socket: NO
2025-06-27T12:40:11: Error connecting to Postgres PrismaClientInitializationError: Can't reach database server at `localhost:5432`
2025-06-27T12:40:11: 
2025-06-27T12:40:11: Please make sure your database server is running at `localhost:5432`.
2025-06-27T12:40:11:     at r (/opt/radiochat/node_modules/@prisma/client/runtime/library.js:112:2565)
2025-06-27T12:40:11:     at async initDB (/opt/radiochat/dist/db.js:23:9)
2025-06-27T12:40:11:     at async initialize (/opt/radiochat/dist/server.js:21:9) {
2025-06-27T12:40:11:   clientVersion: '6.10.1',
2025-06-27T12:40:11:   errorCode: 'P1001',
2025-06-27T12:40:11:   retryable: undefined
2025-06-27T12:40:11: }
2025-06-27T12:40:16: [dotenv@16.6.0] injecting env (5) from .env
2025-06-27T12:40:16: Initializing server...
2025-06-27T12:40:16: DATABASE_URL configured: YES
2025-06-27T12:40:16: DATABASE_URL uses socket: NO
2025-06-27T12:40:21: Error connecting to Postgres PrismaClientInitializationError: Can't reach database server at `localhost:5432`
2025-06-27T12:40:21: 
2025-06-27T12:40:21: Please make sure your database server is running at `localhost:5432`.
2025-06-27T12:40:21:     at r (/opt/radiochat/node_modules/@prisma/client/runtime/library.js:112:2565)
2025-06-27T12:40:21:     at async initDB (/opt/radiochat/dist/db.js:23:9)
2025-06-27T12:40:21:     at async initialize (/opt/radiochat/dist/server.js:21:9) {
2025-06-27T12:40:21:   clientVersion: '6.10.1',
2025-06-27T12:40:21:   errorCode: 'P1001',
2025-06-27T12:40:21:   retryable: undefined
2025-06-27T12:40:21: }
2025-06-27T12:40:25: [dotenv@16.6.0] injecting env (5) from .env
2025-06-27T12:40:26: Initializing server...
2025-06-27T12:40:26: DATABASE_URL configured: YES
2025-06-27T12:40:26: DATABASE_URL uses socket: NO
2025-06-27T12:40:31: Error connecting to Postgres PrismaClientInitializationError: Can't reach database server at `localhost:5432`
2025-06-27T12:40:31: 
2025-06-27T12:40:31: Please make sure your database server is running at `localhost:5432`.
2025-06-27T12:40:31:     at r (/opt/radiochat/node_modules/@prisma/client/runtime/library.js:112:2565)
2025-06-27T12:40:31:     at async initDB (/opt/radiochat/dist/db.js:23:9)
2025-06-27T12:40:31:     at async initialize (/opt/radiochat/dist/server.js:21:9) {
2025-06-27T12:40:31:   clientVersion: '6.10.1',
2025-06-27T12:40:31:   errorCode: 'P1001',
2025-06-27T12:40:31:   retryable: undefined
2025-06-27T12:40:31: }
2025-06-27T12:40:35: [dotenv@16.6.0] injecting env (5) from .env
2025-06-27T12:40:35: Initializing server...
2025-06-27T12:40:35: DATABASE_URL configured: YES
2025-06-27T12:40:35: DATABASE_URL uses socket: NO
2025-06-27T12:40:40: Error connecting to Postgres PrismaClientInitializationError: Can't reach database server at `localhost:5432`
2025-06-27T12:40:40: 
2025-06-27T12:40:40: Please make sure your database server is running at `localhost:5432`.
2025-06-27T12:40:40:     at r (/opt/radiochat/node_modules/@prisma/client/runtime/library.js:112:2565)
2025-06-27T12:40:40:     at async initDB (/opt/radiochat/dist/db.js:23:9)
2025-06-27T12:40:40:     at async initialize (/opt/radiochat/dist/server.js:21:9) {
2025-06-27T12:40:40:   clientVersion: '6.10.1',
2025-06-27T12:40:40:   errorCode: 'P1001',
2025-06-27T12:40:40:   retryable: undefined
2025-06-27T12:40:40: }
2025-06-27T12:40:45: [dotenv@16.6.0] injecting env (5) from .env
2025-06-27T12:40:45: Initializing server...
2025-06-27T12:40:45: DATABASE_URL configured: YES
2025-06-27T12:40:45: DATABASE_URL uses socket: NO
2025-06-27T12:40:50: Error connecting to Postgres PrismaClientInitializationError: Can't reach database server at `localhost:5432`
2025-06-27T12:40:50: 
2025-06-27T12:40:50: Please make sure your database server is running at `localhost:5432`.
2025-06-27T12:40:50:     at r (/opt/radiochat/node_modules/@prisma/client/runtime/library.js:112:2565)
2025-06-27T12:40:50:     at async initDB (/opt/radiochat/dist/db.js:23:9)
2025-06-27T12:40:50:     at async initialize (/opt/radiochat/dist/server.js:21:9) {
2025-06-27T12:40:50:   clientVersion: '6.10.1',
2025-06-27T12:40:50:   errorCode: 'P1001',
2025-06-27T12:40:50:   retryable: undefined
2025-06-27T12:40:50: }
2025-06-27T12:40:54: [dotenv@16.6.0] injecting env (5) from .env
2025-06-27T12:40:54: Initializing server...
2025-06-27T12:40:54: DATABASE_URL configured: YES
2025-06-27T12:40:54: DATABASE_URL uses socket: NO
2025-06-27T12:40:59: Error connecting to Postgres PrismaClientInitializationError: Can't reach database server at `localhost:5432`
2025-06-27T12:40:59: 
2025-06-27T12:40:59: Please make sure your database server is running at `localhost:5432`.
2025-06-27T12:40:59:     at r (/opt/radiochat/node_modules/@prisma/client/runtime/library.js:112:2565)
2025-06-27T12:40:59:     at async initDB (/opt/radiochat/dist/db.js:23:9)
2025-06-27T12:40:59:     at async initialize (/opt/radiochat/dist/server.js:21:9) {
2025-06-27T12:40:59:   clientVersion: '6.10.1',
2025-06-27T12:40:59:   errorCode: 'P1001',
2025-06-27T12:40:59:   retryable: undefined
2025-06-27T12:40:59: }
2025-06-27T12:41:04: [dotenv@16.6.0] injecting env (5) from .env
2025-06-27T12:41:04: Initializing server...
2025-06-27T12:41:04: DATABASE_URL configured: YES
2025-06-27T12:41:04: DATABASE_URL uses socket: NO
2025-06-27T12:41:09: Error connecting to Postgres PrismaClientInitializationError: Can't reach database server at `localhost:5432`
2025-06-27T12:41:09: 
2025-06-27T12:41:09: Please make sure your database server is running at `localhost:5432`.
2025-06-27T12:41:09:     at r (/opt/radiochat/node_modules/@prisma/client/runtime/library.js:112:2565)
2025-06-27T12:41:09:     at async initDB (/opt/radiochat/dist/db.js:23:9)
2025-06-27T12:41:09:     at async initialize (/opt/radiochat/dist/server.js:21:9) {
2025-06-27T12:41:09:   clientVersion: '6.10.1',
2025-06-27T12:41:09:   errorCode: 'P1001',
2025-06-27T12:41:09:   retryable: undefined
2025-06-27T12:41:09: }
2025-06-27T12:41:13: [dotenv@16.6.0] injecting env (5) from .env
2025-06-27T12:41:14: Initializing server...
2025-06-27T12:41:14: DATABASE_URL configured: YES
2025-06-27T12:41:14: DATABASE_URL uses socket: NO
2025-06-27T12:41:19: Error connecting to Postgres PrismaClientInitializationError: Can't reach database server at `localhost:5432`
2025-06-27T12:41:19: 
2025-06-27T12:41:19: Please make sure your database server is running at `localhost:5432`.
2025-06-27T12:41:19:     at r (/opt/radiochat/node_modules/@prisma/client/runtime/library.js:112:2565)
2025-06-27T12:41:19:     at async initDB (/opt/radiochat/dist/db.js:23:9)
2025-06-27T12:41:19:     at async initialize (/opt/radiochat/dist/server.js:21:9) {
2025-06-27T12:41:19:   clientVersion: '6.10.1',
2025-06-27T12:41:19:   errorCode: 'P1001',
2025-06-27T12:41:19:   retryable: undefined
2025-06-27T12:41:19: }
2025-06-27T12:41:23: [dotenv@16.6.0] injecting env (5) from .env
2025-06-27T12:41:23: Initializing server...
2025-06-27T12:41:23: DATABASE_URL configured: YES
2025-06-27T12:41:23: DATABASE_URL uses socket: NO
2025-06-27T12:41:28: Error connecting to Postgres PrismaClientInitializationError: Can't reach database server at `localhost:5432`
2025-06-27T12:41:28: 
2025-06-27T12:41:28: Please make sure your database server is running at `localhost:5432`.
2025-06-27T12:41:28:     at r (/opt/radiochat/node_modules/@prisma/client/runtime/library.js:112:2565)
2025-06-27T12:41:28:     at async initDB (/opt/radiochat/dist/db.js:23:9)
2025-06-27T12:41:28:     at async initialize (/opt/radiochat/dist/server.js:21:9) {
2025-06-27T12:41:28:   clientVersion: '6.10.1',
2025-06-27T12:41:28:   errorCode: 'P1001',
2025-06-27T12:41:28:   retryable: undefined
2025-06-27T12:41:28: }
2025-06-27T12:41:33: [dotenv@16.6.0] injecting env (5) from .env
2025-06-27T12:41:33: Initializing server...
2025-06-27T12:41:33: DATABASE_URL configured: YES
2025-06-27T12:41:33: DATABASE_URL uses socket: NO
2025-06-27T12:41:38: Error connecting to Postgres PrismaClientInitializationError: Can't reach database server at `localhost:5432`
2025-06-27T12:41:38: 
2025-06-27T12:41:38: Please make sure your database server is running at `localhost:5432`.
2025-06-27T12:41:38:     at r (/opt/radiochat/node_modules/@prisma/client/runtime/library.js:112:2565)
2025-06-27T12:41:38:     at async initDB (/opt/radiochat/dist/db.js:23:9)
2025-06-27T12:41:38:     at async initialize (/opt/radiochat/dist/server.js:21:9) {
2025-06-27T12:41:38:   clientVersion: '6.10.1',
2025-06-27T12:41:38:   errorCode: 'P1001',
2025-06-27T12:41:38:   retryable: undefined
2025-06-27T12:41:38: }
2025-06-27T12:47:29: [dotenv@16.6.0] injecting env (5) from .env
2025-06-27T12:47:30: Initializing server...
2025-06-27T12:47:30: DATABASE_URL configured: YES
2025-06-27T12:47:30: DATABASE_URL uses socket: NO
2025-06-27T12:47:30: DATABASE_URL: postgresql://radiochat_user:your_actual_production_password@localhost:5432/radiochat?schema=public
2025-06-27T12:47:35: Error connecting to Postgres PrismaClientInitializationError: Can't reach database server at `localhost:5432`
2025-06-27T12:47:35: 
2025-06-27T12:47:35: Please make sure your database server is running at `localhost:5432`.
2025-06-27T12:47:35:     at r (/opt/radiochat/node_modules/@prisma/client/runtime/library.js:112:2565)
2025-06-27T12:47:35:     at async initDB (/opt/radiochat/dist/db.js:23:9)
2025-06-27T12:47:35:     at async initialize (/opt/radiochat/dist/server.js:22:9) {
2025-06-27T12:47:35:   clientVersion: '6.10.1',
2025-06-27T12:47:35:   errorCode: 'P1001',
2025-06-27T12:47:35:   retryable: undefined
2025-06-27T12:47:35: }
2025-06-27T12:47:39: [dotenv@16.6.0] injecting env (5) from .env
2025-06-27T12:47:39: Initializing server...
2025-06-27T12:47:39: DATABASE_URL configured: YES
2025-06-27T12:47:39: DATABASE_URL uses socket: NO
2025-06-27T12:47:39: DATABASE_URL: postgresql://radiochat_user:your_actual_production_password@localhost:5432/radiochat?schema=public
2025-06-27T12:47:44: Error connecting to Postgres PrismaClientInitializationError: Can't reach database server at `localhost:5432`
2025-06-27T12:47:44: 
2025-06-27T12:47:44: Please make sure your database server is running at `localhost:5432`.
2025-06-27T12:47:44:     at r (/opt/radiochat/node_modules/@prisma/client/runtime/library.js:112:2565)
2025-06-27T12:47:44:     at async initDB (/opt/radiochat/dist/db.js:23:9)
2025-06-27T12:47:44:     at async initialize (/opt/radiochat/dist/server.js:22:9) {
2025-06-27T12:47:44:   clientVersion: '6.10.1',
2025-06-27T12:47:44:   errorCode: 'P1001',
2025-06-27T12:47:44:   retryable: undefined
2025-06-27T12:47:44: }
2025-06-27T12:47:49: [dotenv@16.6.0] injecting env (5) from .env
2025-06-27T12:47:49: Initializing server...
2025-06-27T12:47:49: DATABASE_URL configured: YES
2025-06-27T12:47:49: DATABASE_URL uses socket: NO
2025-06-27T12:47:49: DATABASE_URL: postgresql://radiochat_user:your_actual_production_password@localhost:5432/radiochat?schema=public
2025-06-27T12:47:54: Error connecting to Postgres PrismaClientInitializationError: Can't reach database server at `localhost:5432`
2025-06-27T12:47:54: 
2025-06-27T12:47:54: Please make sure your database server is running at `localhost:5432`.
2025-06-27T12:47:54:     at r (/opt/radiochat/node_modules/@prisma/client/runtime/library.js:112:2565)
2025-06-27T12:47:54:     at async initDB (/opt/radiochat/dist/db.js:23:9)
2025-06-27T12:47:54:     at async initialize (/opt/radiochat/dist/server.js:22:9) {
2025-06-27T12:47:54:   clientVersion: '6.10.1',
2025-06-27T12:47:54:   errorCode: 'P1001',
2025-06-27T12:47:54:   retryable: undefined
2025-06-27T12:47:54: }
2025-06-27T12:47:58: [dotenv@16.6.0] injecting env (5) from .env
2025-06-27T12:47:58: Initializing server...
2025-06-27T12:47:58: DATABASE_URL configured: YES
2025-06-27T12:47:58: DATABASE_URL uses socket: NO
2025-06-27T12:47:58: DATABASE_URL: postgresql://radiochat_user:your_actual_production_password@localhost:5432/radiochat?schema=public
2025-06-27T12:48:03: Error connecting to Postgres PrismaClientInitializationError: Can't reach database server at `localhost:5432`
2025-06-27T12:48:03: 
2025-06-27T12:48:03: Please make sure your database server is running at `localhost:5432`.
2025-06-27T12:48:03:     at r (/opt/radiochat/node_modules/@prisma/client/runtime/library.js:112:2565)
2025-06-27T12:48:03:     at async initDB (/opt/radiochat/dist/db.js:23:9)
2025-06-27T12:48:03:     at async initialize (/opt/radiochat/dist/server.js:22:9) {
2025-06-27T12:48:03:   clientVersion: '6.10.1',
2025-06-27T12:48:03:   errorCode: 'P1001',
2025-06-27T12:48:03:   retryable: undefined
2025-06-27T12:48:03: }
2025-06-27T12:48:08: [dotenv@16.6.0] injecting env (5) from .env
2025-06-27T12:48:08: Initializing server...
2025-06-27T12:48:08: DATABASE_URL configured: YES
2025-06-27T12:48:08: DATABASE_URL uses socket: NO
2025-06-27T12:48:08: DATABASE_URL: postgresql://radiochat_user:your_actual_production_password@localhost:5432/radiochat?schema=public
2025-06-27T12:48:13: Error connecting to Postgres PrismaClientInitializationError: Can't reach database server at `localhost:5432`
2025-06-27T12:48:13: 
2025-06-27T12:48:13: Please make sure your database server is running at `localhost:5432`.
2025-06-27T12:48:13:     at r (/opt/radiochat/node_modules/@prisma/client/runtime/library.js:112:2565)
2025-06-27T12:48:13:     at async initDB (/opt/radiochat/dist/db.js:23:9)
2025-06-27T12:48:13:     at async initialize (/opt/radiochat/dist/server.js:22:9) {
2025-06-27T12:48:13:   clientVersion: '6.10.1',
2025-06-27T12:48:13:   errorCode: 'P1001',
2025-06-27T12:48:13:   retryable: undefined
2025-06-27T12:48:13: }
2025-06-27T12:48:17: [dotenv@16.6.0] injecting env (5) from .env
2025-06-27T12:48:17: Initializing server...
2025-06-27T12:48:17: DATABASE_URL configured: YES
2025-06-27T12:48:17: DATABASE_URL uses socket: NO
2025-06-27T12:48:17: DATABASE_URL: postgresql://radiochat_user:your_actual_production_password@localhost:5432/radiochat?schema=public
2025-06-27T12:48:23: Error connecting to Postgres PrismaClientInitializationError: Can't reach database server at `localhost:5432`
2025-06-27T12:48:23: 
2025-06-27T12:48:23: Please make sure your database server is running at `localhost:5432`.
2025-06-27T12:48:23:     at r (/opt/radiochat/node_modules/@prisma/client/runtime/library.js:112:2565)
2025-06-27T12:48:23:     at async initDB (/opt/radiochat/dist/db.js:23:9)
2025-06-27T12:48:23:     at async initialize (/opt/radiochat/dist/server.js:22:9) {
2025-06-27T12:48:23:   clientVersion: '6.10.1',
2025-06-27T12:48:23:   errorCode: 'P1001',
2025-06-27T12:48:23:   retryable: undefined
2025-06-27T12:48:23: }
2025-06-27T12:48:27: [dotenv@16.6.0] injecting env (5) from .env
2025-06-27T12:48:27: Initializing server...
2025-06-27T12:48:27: DATABASE_URL configured: YES
2025-06-27T12:48:27: DATABASE_URL uses socket: NO
2025-06-27T12:48:27: DATABASE_URL: postgresql://radiochat_user:your_actual_production_password@localhost:5432/radiochat?schema=public
2025-06-27T12:48:32: Error connecting to Postgres PrismaClientInitializationError: Can't reach database server at `localhost:5432`
2025-06-27T12:48:32: 
2025-06-27T12:48:32: Please make sure your database server is running at `localhost:5432`.
2025-06-27T12:48:32:     at r (/opt/radiochat/node_modules/@prisma/client/runtime/library.js:112:2565)
2025-06-27T12:48:32:     at async initDB (/opt/radiochat/dist/db.js:23:9)
2025-06-27T12:48:32:     at async initialize (/opt/radiochat/dist/server.js:22:9) {
2025-06-27T12:48:32:   clientVersion: '6.10.1',
2025-06-27T12:48:32:   errorCode: 'P1001',
2025-06-27T12:48:32:   retryable: undefined
2025-06-27T12:48:32: }
2025-06-27T12:48:37: [dotenv@16.6.0] injecting env (5) from .env
2025-06-27T12:48:37: Initializing server...
2025-06-27T12:48:37: DATABASE_URL configured: YES
2025-06-27T12:48:37: DATABASE_URL uses socket: NO
2025-06-27T12:48:37: DATABASE_URL: postgresql://radiochat_user:your_actual_production_password@localhost:5432/radiochat?schema=public
2025-06-27T12:48:42: Error connecting to Postgres PrismaClientInitializationError: Can't reach database server at `localhost:5432`
2025-06-27T12:48:42: 
2025-06-27T12:48:42: Please make sure your database server is running at `localhost:5432`.
2025-06-27T12:48:42:     at r (/opt/radiochat/node_modules/@prisma/client/runtime/library.js:112:2565)
2025-06-27T12:48:42:     at async initDB (/opt/radiochat/dist/db.js:23:9)
2025-06-27T12:48:42:     at async initialize (/opt/radiochat/dist/server.js:22:9) {
2025-06-27T12:48:42:   clientVersion: '6.10.1',
2025-06-27T12:48:42:   errorCode: 'P1001',
2025-06-27T12:48:42:   retryable: undefined
2025-06-27T12:48:42: }
2025-06-27T12:48:46: [dotenv@16.6.0] injecting env (5) from .env
2025-06-27T12:48:46: Initializing server...
2025-06-27T12:48:46: DATABASE_URL configured: YES
2025-06-27T12:48:46: DATABASE_URL uses socket: NO
2025-06-27T12:48:46: DATABASE_URL: postgresql://radiochat_user:your_actual_production_password@localhost:5432/radiochat?schema=public
2025-06-27T12:48:51: Error connecting to Postgres PrismaClientInitializationError: Can't reach database server at `localhost:5432`
2025-06-27T12:48:51: 
2025-06-27T12:48:51: Please make sure your database server is running at `localhost:5432`.
2025-06-27T12:48:51:     at r (/opt/radiochat/node_modules/@prisma/client/runtime/library.js:112:2565)
2025-06-27T12:48:51:     at async initDB (/opt/radiochat/dist/db.js:23:9)
2025-06-27T12:48:51:     at async initialize (/opt/radiochat/dist/server.js:22:9) {
2025-06-27T12:48:51:   clientVersion: '6.10.1',
2025-06-27T12:48:51:   errorCode: 'P1001',
2025-06-27T12:48:51:   retryable: undefined
2025-06-27T12:48:51: }
2025-06-27T12:48:56: [dotenv@16.6.0] injecting env (5) from .env
2025-06-27T12:48:56: Initializing server...
2025-06-27T12:48:56: DATABASE_URL configured: YES
2025-06-27T12:48:56: DATABASE_URL uses socket: NO
2025-06-27T12:48:56: DATABASE_URL: postgresql://radiochat_user:your_actual_production_password@localhost:5432/radiochat?schema=public
2025-06-27T12:49:01: Error connecting to Postgres PrismaClientInitializationError: Can't reach database server at `localhost:5432`
2025-06-27T12:49:01: 
2025-06-27T12:49:01: Please make sure your database server is running at `localhost:5432`.
2025-06-27T12:49:01:     at r (/opt/radiochat/node_modules/@prisma/client/runtime/library.js:112:2565)
2025-06-27T12:49:01:     at async initDB (/opt/radiochat/dist/db.js:23:9)
2025-06-27T12:49:01:     at async initialize (/opt/radiochat/dist/server.js:22:9) {
2025-06-27T12:49:01:   clientVersion: '6.10.1',
2025-06-27T12:49:01:   errorCode: 'P1001',
2025-06-27T12:49:01:   retryable: undefined
2025-06-27T12:49:01: }
2025-06-27T12:56:12: [dotenv@16.6.0] injecting env (5) from .env
2025-06-27T12:56:12: Initializing server...
2025-06-27T12:56:12: DATABASE_URL configured: YES
2025-06-27T12:56:12: DATABASE_URL uses socket: NO
2025-06-27T12:56:12: DATABASE_URL: postgresql://radiochat_user:your_actual_production_password@localhost:5432/radiochat?schema=public
2025-06-27T12:56:17: Error connecting to Postgres PrismaClientInitializationError: Can't reach database server at `localhost:5432`
2025-06-27T12:56:17: 
2025-06-27T12:56:17: Please make sure your database server is running at `localhost:5432`.
2025-06-27T12:56:17:     at r (/opt/radiochat/node_modules/@prisma/client/runtime/library.js:112:2565)
2025-06-27T12:56:17:     at async initDB (/opt/radiochat/dist/db.js:23:9)
2025-06-27T12:56:17:     at async initialize (/opt/radiochat/dist/server.js:22:9) {
2025-06-27T12:56:17:   clientVersion: '6.10.1',
2025-06-27T12:56:17:   errorCode: 'P1001',
2025-06-27T12:56:17:   retryable: undefined
2025-06-27T12:56:17: }
2025-06-27T12:56:21: [dotenv@16.6.0] injecting env (5) from .env
2025-06-27T12:56:22: Initializing server...
2025-06-27T12:56:22: DATABASE_URL configured: YES
2025-06-27T12:56:22: DATABASE_URL uses socket: NO
2025-06-27T12:56:22: DATABASE_URL: postgresql://radiochat_user:your_actual_production_password@localhost:5432/radiochat?schema=public
2025-06-27T12:56:27: Error connecting to Postgres PrismaClientInitializationError: Can't reach database server at `localhost:5432`
2025-06-27T12:56:27: 
2025-06-27T12:56:27: Please make sure your database server is running at `localhost:5432`.
2025-06-27T12:56:27:     at r (/opt/radiochat/node_modules/@prisma/client/runtime/library.js:112:2565)
2025-06-27T12:56:27:     at async initDB (/opt/radiochat/dist/db.js:23:9)
2025-06-27T12:56:27:     at async initialize (/opt/radiochat/dist/server.js:22:9) {
2025-06-27T12:56:27:   clientVersion: '6.10.1',
2025-06-27T12:56:27:   errorCode: 'P1001',
2025-06-27T12:56:27:   retryable: undefined
2025-06-27T12:56:27: }
2025-06-27T12:56:31: [dotenv@16.6.0] injecting env (5) from .env
2025-06-27T12:56:31: Initializing server...
2025-06-27T12:56:31: DATABASE_URL configured: YES
2025-06-27T12:56:31: DATABASE_URL uses socket: NO
2025-06-27T12:56:31: DATABASE_URL: postgresql://radiochat_user:your_actual_production_password@localhost:5432/radiochat?schema=public
2025-06-27T12:56:36: Error connecting to Postgres PrismaClientInitializationError: Can't reach database server at `localhost:5432`
2025-06-27T12:56:36: 
2025-06-27T12:56:36: Please make sure your database server is running at `localhost:5432`.
2025-06-27T12:56:36:     at r (/opt/radiochat/node_modules/@prisma/client/runtime/library.js:112:2565)
2025-06-27T12:56:36:     at async initDB (/opt/radiochat/dist/db.js:23:9)
2025-06-27T12:56:36:     at async initialize (/opt/radiochat/dist/server.js:22:9) {
2025-06-27T12:56:36:   clientVersion: '6.10.1',
2025-06-27T12:56:36:   errorCode: 'P1001',
2025-06-27T12:56:36:   retryable: undefined
2025-06-27T12:56:36: }
2025-06-27T12:56:41: [dotenv@16.6.0] injecting env (5) from .env
2025-06-27T12:56:41: Initializing server...
2025-06-27T12:56:41: DATABASE_URL configured: YES
2025-06-27T12:56:41: DATABASE_URL uses socket: NO
2025-06-27T12:56:41: DATABASE_URL: postgresql://radiochat_user:your_actual_production_password@localhost:5432/radiochat?schema=public
2025-06-27T12:56:46: Error connecting to Postgres PrismaClientInitializationError: Can't reach database server at `localhost:5432`
2025-06-27T12:56:46: 
2025-06-27T12:56:46: Please make sure your database server is running at `localhost:5432`.
2025-06-27T12:56:46:     at r (/opt/radiochat/node_modules/@prisma/client/runtime/library.js:112:2565)
2025-06-27T12:56:46:     at async initDB (/opt/radiochat/dist/db.js:23:9)
2025-06-27T12:56:46:     at async initialize (/opt/radiochat/dist/server.js:22:9) {
2025-06-27T12:56:46:   clientVersion: '6.10.1',
2025-06-27T12:56:46:   errorCode: 'P1001',
2025-06-27T12:56:46:   retryable: undefined
2025-06-27T12:56:46: }
2025-06-27T12:56:50: [dotenv@16.6.0] injecting env (5) from .env
2025-06-27T12:56:50: Initializing server...
2025-06-27T12:56:50: DATABASE_URL configured: YES
2025-06-27T12:56:50: DATABASE_URL uses socket: NO
2025-06-27T12:56:50: DATABASE_URL: postgresql://radiochat_user:your_actual_production_password@localhost:5432/radiochat?schema=public
2025-06-27T12:56:55: Error connecting to Postgres PrismaClientInitializationError: Can't reach database server at `localhost:5432`
2025-06-27T12:56:55: 
2025-06-27T12:56:55: Please make sure your database server is running at `localhost:5432`.
2025-06-27T12:56:55:     at r (/opt/radiochat/node_modules/@prisma/client/runtime/library.js:112:2565)
2025-06-27T12:56:55:     at async initDB (/opt/radiochat/dist/db.js:23:9)
2025-06-27T12:56:55:     at async initialize (/opt/radiochat/dist/server.js:22:9) {
2025-06-27T12:56:55:   clientVersion: '6.10.1',
2025-06-27T12:56:55:   errorCode: 'P1001',
2025-06-27T12:56:55:   retryable: undefined
2025-06-27T12:56:55: }
2025-06-27T12:57:00: [dotenv@16.6.0] injecting env (5) from .env
2025-06-27T12:57:00: Initializing server...
2025-06-27T12:57:00: DATABASE_URL configured: YES
2025-06-27T12:57:00: DATABASE_URL uses socket: NO
2025-06-27T12:57:00: DATABASE_URL: postgresql://radiochat_user:your_actual_production_password@localhost:5432/radiochat?schema=public
2025-06-27T12:57:05: Error connecting to Postgres PrismaClientInitializationError: Can't reach database server at `localhost:5432`
2025-06-27T12:57:05: 
2025-06-27T12:57:05: Please make sure your database server is running at `localhost:5432`.
2025-06-27T12:57:05:     at r (/opt/radiochat/node_modules/@prisma/client/runtime/library.js:112:2565)
2025-06-27T12:57:05:     at async initDB (/opt/radiochat/dist/db.js:23:9)
2025-06-27T12:57:05:     at async initialize (/opt/radiochat/dist/server.js:22:9) {
2025-06-27T12:57:05:   clientVersion: '6.10.1',
2025-06-27T12:57:05:   errorCode: 'P1001',
2025-06-27T12:57:05:   retryable: undefined
2025-06-27T12:57:05: }
2025-06-27T12:57:09: [dotenv@16.6.0] injecting env (5) from .env
2025-06-27T12:57:10: Initializing server...
2025-06-27T12:57:10: DATABASE_URL configured: YES
2025-06-27T12:57:10: DATABASE_URL uses socket: NO
2025-06-27T12:57:10: DATABASE_URL: postgresql://radiochat_user:your_actual_production_password@localhost:5432/radiochat?schema=public
2025-06-27T12:57:15: Error connecting to Postgres PrismaClientInitializationError: Can't reach database server at `localhost:5432`
2025-06-27T12:57:15: 
2025-06-27T12:57:15: Please make sure your database server is running at `localhost:5432`.
2025-06-27T12:57:15:     at r (/opt/radiochat/node_modules/@prisma/client/runtime/library.js:112:2565)
2025-06-27T12:57:15:     at async initDB (/opt/radiochat/dist/db.js:23:9)
2025-06-27T12:57:15:     at async initialize (/opt/radiochat/dist/server.js:22:9) {
2025-06-27T12:57:15:   clientVersion: '6.10.1',
2025-06-27T12:57:15:   errorCode: 'P1001',
2025-06-27T12:57:15:   retryable: undefined
2025-06-27T12:57:15: }
2025-06-27T12:57:19: [dotenv@16.6.0] injecting env (5) from .env
2025-06-27T12:57:19: Initializing server...
2025-06-27T12:57:19: DATABASE_URL configured: YES
2025-06-27T12:57:19: DATABASE_URL uses socket: NO
2025-06-27T12:57:19: DATABASE_URL: postgresql://radiochat_user:your_actual_production_password@localhost:5432/radiochat?schema=public
2025-06-27T12:57:24: Error connecting to Postgres PrismaClientInitializationError: Can't reach database server at `localhost:5432`
2025-06-27T12:57:24: 
2025-06-27T12:57:24: Please make sure your database server is running at `localhost:5432`.
2025-06-27T12:57:24:     at r (/opt/radiochat/node_modules/@prisma/client/runtime/library.js:112:2565)
2025-06-27T12:57:24:     at async initDB (/opt/radiochat/dist/db.js:23:9)
2025-06-27T12:57:24:     at async initialize (/opt/radiochat/dist/server.js:22:9) {
2025-06-27T12:57:24:   clientVersion: '6.10.1',
2025-06-27T12:57:24:   errorCode: 'P1001',
2025-06-27T12:57:24:   retryable: undefined
2025-06-27T12:57:24: }
2025-06-27T12:57:29: [dotenv@16.6.0] injecting env (5) from .env
2025-06-27T12:57:29: Initializing server...
2025-06-27T12:57:29: DATABASE_URL configured: YES
2025-06-27T12:57:29: DATABASE_URL uses socket: NO
2025-06-27T12:57:29: DATABASE_URL: postgresql://radiochat_user:your_actual_production_password@localhost:5432/radiochat?schema=public
2025-06-27T12:57:34: Error connecting to Postgres PrismaClientInitializationError: Can't reach database server at `localhost:5432`
2025-06-27T12:57:34: 
2025-06-27T12:57:34: Please make sure your database server is running at `localhost:5432`.
2025-06-27T12:57:34:     at r (/opt/radiochat/node_modules/@prisma/client/runtime/library.js:112:2565)
2025-06-27T12:57:34:     at async initDB (/opt/radiochat/dist/db.js:23:9)
2025-06-27T12:57:34:     at async initialize (/opt/radiochat/dist/server.js:22:9) {
2025-06-27T12:57:34:   clientVersion: '6.10.1',
2025-06-27T12:57:34:   errorCode: 'P1001',
2025-06-27T12:57:34:   retryable: undefined
2025-06-27T12:57:34: }
2025-06-27T12:57:38: [dotenv@16.6.0] injecting env (5) from .env
2025-06-27T12:57:38: Initializing server...
2025-06-27T12:57:38: DATABASE_URL configured: YES
2025-06-27T12:57:38: DATABASE_URL uses socket: NO
2025-06-27T12:57:38: DATABASE_URL: postgresql://radiochat_user:your_actual_production_password@localhost:5432/radiochat?schema=public
2025-06-27T12:57:43: Error connecting to Postgres PrismaClientInitializationError: Can't reach database server at `localhost:5432`
2025-06-27T12:57:43: 
2025-06-27T12:57:43: Please make sure your database server is running at `localhost:5432`.
2025-06-27T12:57:43:     at r (/opt/radiochat/node_modules/@prisma/client/runtime/library.js:112:2565)
2025-06-27T12:57:43:     at async initDB (/opt/radiochat/dist/db.js:23:9)
2025-06-27T12:57:43:     at async initialize (/opt/radiochat/dist/server.js:22:9) {
2025-06-27T12:57:43:   clientVersion: '6.10.1',
2025-06-27T12:57:43:   errorCode: 'P1001',
2025-06-27T12:57:43:   retryable: undefined
2025-06-27T12:57:43: }
2025-06-27T13:00:35: [dotenv@16.6.0] injecting env (5) from .env
2025-06-27T13:00:35: Initializing server...
2025-06-27T13:00:35: DATABASE_URL configured: YES
2025-06-27T13:00:35: DATABASE_URL uses socket: NO
2025-06-27T13:00:35: DATABASE_URL: postgresql://radiochat_user:your_actual_production_password@localhost:5432/radiochat?schema=public
2025-06-27T13:00:35: All env vars: [ 'DATABASE_URL' ]
2025-06-27T13:00:40: Error connecting to Postgres PrismaClientInitializationError: Can't reach database server at `localhost:5432`
2025-06-27T13:00:40: 
2025-06-27T13:00:40: Please make sure your database server is running at `localhost:5432`.
2025-06-27T13:00:40:     at r (/opt/radiochat/node_modules/@prisma/client/runtime/library.js:112:2565)
2025-06-27T13:00:40:     at async initDB (/opt/radiochat/dist/db.js:23:9)
2025-06-27T13:00:40:     at async initialize (/opt/radiochat/dist/server.js:23:9) {
2025-06-27T13:00:40:   clientVersion: '6.10.1',
2025-06-27T13:00:40:   errorCode: 'P1001',
2025-06-27T13:00:40:   retryable: undefined
2025-06-27T13:00:40: }
2025-06-27T13:00:44: [dotenv@16.6.0] injecting env (5) from .env
2025-06-27T13:00:44: Initializing server...
2025-06-27T13:00:44: DATABASE_URL configured: YES
2025-06-27T13:00:44: DATABASE_URL uses socket: NO
2025-06-27T13:00:44: DATABASE_URL: postgresql://radiochat_user:your_actual_production_password@localhost:5432/radiochat?schema=public
2025-06-27T13:00:44: All env vars: [ 'DATABASE_URL' ]
2025-06-27T13:00:49: Error connecting to Postgres PrismaClientInitializationError: Can't reach database server at `localhost:5432`
2025-06-27T13:00:49: 
2025-06-27T13:00:49: Please make sure your database server is running at `localhost:5432`.
2025-06-27T13:00:49:     at r (/opt/radiochat/node_modules/@prisma/client/runtime/library.js:112:2565)
2025-06-27T13:00:49:     at async initDB (/opt/radiochat/dist/db.js:23:9)
2025-06-27T13:00:49:     at async initialize (/opt/radiochat/dist/server.js:23:9) {
2025-06-27T13:00:49:   clientVersion: '6.10.1',
2025-06-27T13:00:49:   errorCode: 'P1001',
2025-06-27T13:00:49:   retryable: undefined
2025-06-27T13:00:49: }
2025-06-27T13:00:54: [dotenv@16.6.0] injecting env (5) from .env
2025-06-27T13:00:54: Initializing server...
2025-06-27T13:00:54: DATABASE_URL configured: YES
2025-06-27T13:00:54: DATABASE_URL uses socket: NO
2025-06-27T13:00:54: DATABASE_URL: postgresql://radiochat_user:your_actual_production_password@localhost:5432/radiochat?schema=public
2025-06-27T13:00:54: All env vars: [ 'DATABASE_URL' ]
2025-06-27T13:00:59: Error connecting to Postgres PrismaClientInitializationError: Can't reach database server at `localhost:5432`
2025-06-27T13:00:59: 
2025-06-27T13:00:59: Please make sure your database server is running at `localhost:5432`.
2025-06-27T13:00:59:     at r (/opt/radiochat/node_modules/@prisma/client/runtime/library.js:112:2565)
2025-06-27T13:00:59:     at async initDB (/opt/radiochat/dist/db.js:23:9)
2025-06-27T13:00:59:     at async initialize (/opt/radiochat/dist/server.js:23:9) {
2025-06-27T13:00:59:   clientVersion: '6.10.1',
2025-06-27T13:00:59:   errorCode: 'P1001',
2025-06-27T13:00:59:   retryable: undefined
2025-06-27T13:00:59: }
2025-06-27T13:01:04: [dotenv@16.6.0] injecting env (5) from .env
2025-06-27T13:01:04: Initializing server...
2025-06-27T13:01:04: DATABASE_URL configured: YES
2025-06-27T13:01:04: DATABASE_URL uses socket: NO
2025-06-27T13:01:04: DATABASE_URL: postgresql://radiochat_user:your_actual_production_password@localhost:5432/radiochat?schema=public
2025-06-27T13:01:04: All env vars: [ 'DATABASE_URL' ]
2025-06-27T13:01:09: Error connecting to Postgres PrismaClientInitializationError: Can't reach database server at `localhost:5432`
2025-06-27T13:01:09: 
2025-06-27T13:01:09: Please make sure your database server is running at `localhost:5432`.
2025-06-27T13:01:09:     at r (/opt/radiochat/node_modules/@prisma/client/runtime/library.js:112:2565)
2025-06-27T13:01:09:     at async initDB (/opt/radiochat/dist/db.js:23:9)
2025-06-27T13:01:09:     at async initialize (/opt/radiochat/dist/server.js:23:9) {
2025-06-27T13:01:09:   clientVersion: '6.10.1',
2025-06-27T13:01:09:   errorCode: 'P1001',
2025-06-27T13:01:09:   retryable: undefined
2025-06-27T13:01:09: }
2025-06-27T13:01:13: [dotenv@16.6.0] injecting env (5) from .env
2025-06-27T13:01:13: Initializing server...
2025-06-27T13:01:13: DATABASE_URL configured: YES
2025-06-27T13:01:13: DATABASE_URL uses socket: NO
2025-06-27T13:01:13: DATABASE_URL: postgresql://radiochat_user:your_actual_production_password@localhost:5432/radiochat?schema=public
2025-06-27T13:01:13: All env vars: [ 'DATABASE_URL' ]
2025-06-27T13:01:18: Error connecting to Postgres PrismaClientInitializationError: Can't reach database server at `localhost:5432`
2025-06-27T13:01:18: 
2025-06-27T13:01:18: Please make sure your database server is running at `localhost:5432`.
2025-06-27T13:01:18:     at r (/opt/radiochat/node_modules/@prisma/client/runtime/library.js:112:2565)
2025-06-27T13:01:18:     at async initDB (/opt/radiochat/dist/db.js:23:9)
2025-06-27T13:01:18:     at async initialize (/opt/radiochat/dist/server.js:23:9) {
2025-06-27T13:01:18:   clientVersion: '6.10.1',
2025-06-27T13:01:18:   errorCode: 'P1001',
2025-06-27T13:01:18:   retryable: undefined
2025-06-27T13:01:18: }
2025-06-27T13:01:23: [dotenv@16.6.0] injecting env (5) from .env
2025-06-27T13:01:23: Initializing server...
2025-06-27T13:01:23: DATABASE_URL configured: YES
2025-06-27T13:01:23: DATABASE_URL uses socket: NO
2025-06-27T13:01:23: DATABASE_URL: postgresql://radiochat_user:your_actual_production_password@localhost:5432/radiochat?schema=public
2025-06-27T13:01:23: All env vars: [ 'DATABASE_URL' ]
2025-06-27T13:01:28: Error connecting to Postgres PrismaClientInitializationError: Can't reach database server at `localhost:5432`
2025-06-27T13:01:28: 
2025-06-27T13:01:28: Please make sure your database server is running at `localhost:5432`.
2025-06-27T13:01:28:     at r (/opt/radiochat/node_modules/@prisma/client/runtime/library.js:112:2565)
2025-06-27T13:01:28:     at async initDB (/opt/radiochat/dist/db.js:23:9)
2025-06-27T13:01:28:     at async initialize (/opt/radiochat/dist/server.js:23:9) {
2025-06-27T13:01:28:   clientVersion: '6.10.1',
2025-06-27T13:01:28:   errorCode: 'P1001',
2025-06-27T13:01:28:   retryable: undefined
2025-06-27T13:01:28: }
2025-06-27T13:01:32: [dotenv@16.6.0] injecting env (5) from .env
2025-06-27T13:01:32: Initializing server...
2025-06-27T13:01:32: DATABASE_URL configured: YES
2025-06-27T13:01:32: DATABASE_URL uses socket: NO
2025-06-27T13:01:32: DATABASE_URL: postgresql://radiochat_user:your_actual_production_password@localhost:5432/radiochat?schema=public
2025-06-27T13:01:32: All env vars: [ 'DATABASE_URL' ]
2025-06-27T13:01:37: Error connecting to Postgres PrismaClientInitializationError: Can't reach database server at `localhost:5432`
2025-06-27T13:01:37: 
2025-06-27T13:01:37: Please make sure your database server is running at `localhost:5432`.
2025-06-27T13:01:37:     at r (/opt/radiochat/node_modules/@prisma/client/runtime/library.js:112:2565)
2025-06-27T13:01:37:     at async initDB (/opt/radiochat/dist/db.js:23:9)
2025-06-27T13:01:37:     at async initialize (/opt/radiochat/dist/server.js:23:9) {
2025-06-27T13:01:37:   clientVersion: '6.10.1',
2025-06-27T13:01:37:   errorCode: 'P1001',
2025-06-27T13:01:37:   retryable: undefined
2025-06-27T13:01:37: }
2025-06-27T13:01:42: [dotenv@16.6.0] injecting env (5) from .env
2025-06-27T13:01:42: Initializing server...
2025-06-27T13:01:42: DATABASE_URL configured: YES
2025-06-27T13:01:42: DATABASE_URL uses socket: NO
2025-06-27T13:01:42: DATABASE_URL: postgresql://radiochat_user:your_actual_production_password@localhost:5432/radiochat?schema=public
2025-06-27T13:01:42: All env vars: [ 'DATABASE_URL' ]
2025-06-27T13:01:47: Error connecting to Postgres PrismaClientInitializationError: Can't reach database server at `localhost:5432`
2025-06-27T13:01:47: 
2025-06-27T13:01:47: Please make sure your database server is running at `localhost:5432`.
2025-06-27T13:01:47:     at r (/opt/radiochat/node_modules/@prisma/client/runtime/library.js:112:2565)
2025-06-27T13:01:47:     at async initDB (/opt/radiochat/dist/db.js:23:9)
2025-06-27T13:01:47:     at async initialize (/opt/radiochat/dist/server.js:23:9) {
2025-06-27T13:01:47:   clientVersion: '6.10.1',
2025-06-27T13:01:47:   errorCode: 'P1001',
2025-06-27T13:01:47:   retryable: undefined
2025-06-27T13:01:47: }
2025-06-27T13:01:51: [dotenv@16.6.0] injecting env (5) from .env
2025-06-27T13:01:52: Initializing server...
2025-06-27T13:01:52: DATABASE_URL configured: YES
2025-06-27T13:01:52: DATABASE_URL uses socket: NO
2025-06-27T13:01:52: DATABASE_URL: postgresql://radiochat_user:your_actual_production_password@localhost:5432/radiochat?schema=public
2025-06-27T13:01:52: All env vars: [ 'DATABASE_URL' ]
2025-06-27T13:01:57: Error connecting to Postgres PrismaClientInitializationError: Can't reach database server at `localhost:5432`
2025-06-27T13:01:57: 
2025-06-27T13:01:57: Please make sure your database server is running at `localhost:5432`.
2025-06-27T13:01:57:     at r (/opt/radiochat/node_modules/@prisma/client/runtime/library.js:112:2565)
2025-06-27T13:01:57:     at async initDB (/opt/radiochat/dist/db.js:23:9)
2025-06-27T13:01:57:     at async initialize (/opt/radiochat/dist/server.js:23:9) {
2025-06-27T13:01:57:   clientVersion: '6.10.1',
2025-06-27T13:01:57:   errorCode: 'P1001',
2025-06-27T13:01:57:   retryable: undefined
2025-06-27T13:01:57: }
2025-06-27T13:02:01: [dotenv@16.6.0] injecting env (5) from .env
2025-06-27T13:02:01: Initializing server...
2025-06-27T13:02:01: DATABASE_URL configured: YES
2025-06-27T13:02:01: DATABASE_URL uses socket: NO
2025-06-27T13:02:01: DATABASE_URL: postgresql://radiochat_user:your_actual_production_password@localhost:5432/radiochat?schema=public
2025-06-27T13:02:01: All env vars: [ 'DATABASE_URL' ]
2025-06-27T13:02:06: Error connecting to Postgres PrismaClientInitializationError: Can't reach database server at `localhost:5432`
2025-06-27T13:02:06: 
2025-06-27T13:02:06: Please make sure your database server is running at `localhost:5432`.
2025-06-27T13:02:06:     at r (/opt/radiochat/node_modules/@prisma/client/runtime/library.js:112:2565)
2025-06-27T13:02:06:     at async initDB (/opt/radiochat/dist/db.js:23:9)
2025-06-27T13:02:06:     at async initialize (/opt/radiochat/dist/server.js:23:9) {
2025-06-27T13:02:06:   clientVersion: '6.10.1',
2025-06-27T13:02:06:   errorCode: 'P1001',
2025-06-27T13:02:06:   retryable: undefined
2025-06-27T13:02:06: }
2025-06-27T13:05:52: [dotenv@16.6.0] injecting env (5) from .env
2025-06-27T13:05:52: Initializing server...
2025-06-27T13:05:52: DATABASE_URL configured: YES
2025-06-27T13:05:52: DATABASE_URL uses socket: YES
2025-06-27T13:05:52: DATABASE_URL: DATABASE_URL="postgresql://sreus:sizza1000@localhost/radiochat?host=/var/run/postgresql"
2025-06-27T13:05:52: All env vars: [ 'DATABASE_URL' ]
2025-06-27T13:05:52: Error connecting to Postgres PrismaClientInitializationError: error: Error validating datasource `db`: the URL must start with the protocol `postgresql://` or `postgres://`.
2025-06-27T13:05:52:   -->  schema.prisma:13
2025-06-27T13:05:52:    | 
2025-06-27T13:05:52: 12 |   provider = "postgresql"
2025-06-27T13:05:52: 13 |   url      = env("DATABASE_URL")
2025-06-27T13:05:52:    | 
2025-06-27T13:05:52: 
2025-06-27T13:05:52: Validation Error Count: 1
2025-06-27T13:05:52:     at r (/opt/radiochat/node_modules/@prisma/client/runtime/library.js:112:2565)
2025-06-27T13:05:52:     at async initDB (/opt/radiochat/dist/db.js:23:9)
2025-06-27T13:05:52:     at async initialize (/opt/radiochat/dist/server.js:23:9) {
2025-06-27T13:05:52:   clientVersion: '6.10.1',
2025-06-27T13:05:52:   errorCode: 'P1012',
2025-06-27T13:05:52:   retryable: undefined
2025-06-27T13:05:52: }
2025-06-27T13:05:57: [dotenv@16.6.0] injecting env (5) from .env
2025-06-27T13:05:57: Initializing server...
2025-06-27T13:05:57: DATABASE_URL configured: YES
2025-06-27T13:05:57: DATABASE_URL uses socket: YES
2025-06-27T13:05:57: DATABASE_URL: DATABASE_URL="postgresql://sreus:sizza1000@localhost/radiochat?host=/var/run/postgresql"
2025-06-27T13:05:57: All env vars: [ 'DATABASE_URL' ]
2025-06-27T13:05:57: Error connecting to Postgres PrismaClientInitializationError: error: Error validating datasource `db`: the URL must start with the protocol `postgresql://` or `postgres://`.
2025-06-27T13:05:57:   -->  schema.prisma:13
2025-06-27T13:05:57:    | 
2025-06-27T13:05:57: 12 |   provider = "postgresql"
2025-06-27T13:05:57: 13 |   url      = env("DATABASE_URL")
2025-06-27T13:05:57:    | 
2025-06-27T13:05:57: 
2025-06-27T13:05:57: Validation Error Count: 1
2025-06-27T13:05:57:     at r (/opt/radiochat/node_modules/@prisma/client/runtime/library.js:112:2565)
2025-06-27T13:05:57:     at async initDB (/opt/radiochat/dist/db.js:23:9)
2025-06-27T13:05:57:     at async initialize (/opt/radiochat/dist/server.js:23:9) {
2025-06-27T13:05:57:   clientVersion: '6.10.1',
2025-06-27T13:05:57:   errorCode: 'P1012',
2025-06-27T13:05:57:   retryable: undefined
2025-06-27T13:05:57: }
2025-06-27T13:06:01: [dotenv@16.6.0] injecting env (5) from .env
2025-06-27T13:06:01: Initializing server...
2025-06-27T13:06:01: DATABASE_URL configured: YES
2025-06-27T13:06:01: DATABASE_URL uses socket: YES
2025-06-27T13:06:01: DATABASE_URL: DATABASE_URL="postgresql://sreus:sizza1000@localhost/radiochat?host=/var/run/postgresql"
2025-06-27T13:06:01: All env vars: [ 'DATABASE_URL' ]
2025-06-27T13:06:01: Error connecting to Postgres PrismaClientInitializationError: error: Error validating datasource `db`: the URL must start with the protocol `postgresql://` or `postgres://`.
2025-06-27T13:06:01:   -->  schema.prisma:13
2025-06-27T13:06:01:    | 
2025-06-27T13:06:01: 12 |   provider = "postgresql"
2025-06-27T13:06:01: 13 |   url      = env("DATABASE_URL")
2025-06-27T13:06:01:    | 
2025-06-27T13:06:01: 
2025-06-27T13:06:01: Validation Error Count: 1
2025-06-27T13:06:01:     at r (/opt/radiochat/node_modules/@prisma/client/runtime/library.js:112:2565)
2025-06-27T13:06:01:     at async initDB (/opt/radiochat/dist/db.js:23:9)
2025-06-27T13:06:01:     at async initialize (/opt/radiochat/dist/server.js:23:9) {
2025-06-27T13:06:01:   clientVersion: '6.10.1',
2025-06-27T13:06:01:   errorCode: 'P1012',
2025-06-27T13:06:01:   retryable: undefined
2025-06-27T13:06:01: }
2025-06-27T13:06:06: [dotenv@16.6.0] injecting env (5) from .env
2025-06-27T13:06:06: Initializing server...
2025-06-27T13:06:06: DATABASE_URL configured: YES
2025-06-27T13:06:06: DATABASE_URL uses socket: YES
2025-06-27T13:06:06: DATABASE_URL: DATABASE_URL="postgresql://sreus:sizza1000@localhost/radiochat?host=/var/run/postgresql"
2025-06-27T13:06:06: All env vars: [ 'DATABASE_URL' ]
2025-06-27T13:06:06: Error connecting to Postgres PrismaClientInitializationError: error: Error validating datasource `db`: the URL must start with the protocol `postgresql://` or `postgres://`.
2025-06-27T13:06:06:   -->  schema.prisma:13
2025-06-27T13:06:06:    | 
2025-06-27T13:06:06: 12 |   provider = "postgresql"
2025-06-27T13:06:06: 13 |   url      = env("DATABASE_URL")
2025-06-27T13:06:06:    | 
2025-06-27T13:06:06: 
2025-06-27T13:06:06: Validation Error Count: 1
2025-06-27T13:06:06:     at r (/opt/radiochat/node_modules/@prisma/client/runtime/library.js:112:2565)
2025-06-27T13:06:06:     at async initDB (/opt/radiochat/dist/db.js:23:9)
2025-06-27T13:06:06:     at async initialize (/opt/radiochat/dist/server.js:23:9) {
2025-06-27T13:06:06:   clientVersion: '6.10.1',
2025-06-27T13:06:06:   errorCode: 'P1012',
2025-06-27T13:06:06:   retryable: undefined
2025-06-27T13:06:06: }
2025-06-27T13:06:10: [dotenv@16.6.0] injecting env (5) from .env
2025-06-27T13:06:11: Initializing server...
2025-06-27T13:06:11: DATABASE_URL configured: YES
2025-06-27T13:06:11: DATABASE_URL uses socket: YES
2025-06-27T13:06:11: DATABASE_URL: DATABASE_URL="postgresql://sreus:sizza1000@localhost/radiochat?host=/var/run/postgresql"
2025-06-27T13:06:11: All env vars: [ 'DATABASE_URL' ]
2025-06-27T13:06:11: Error connecting to Postgres PrismaClientInitializationError: error: Error validating datasource `db`: the URL must start with the protocol `postgresql://` or `postgres://`.
2025-06-27T13:06:11:   -->  schema.prisma:13
2025-06-27T13:06:11:    | 
2025-06-27T13:06:11: 12 |   provider = "postgresql"
2025-06-27T13:06:11: 13 |   url      = env("DATABASE_URL")
2025-06-27T13:06:11:    | 
2025-06-27T13:06:11: 
2025-06-27T13:06:11: Validation Error Count: 1
2025-06-27T13:06:11:     at r (/opt/radiochat/node_modules/@prisma/client/runtime/library.js:112:2565)
2025-06-27T13:06:11:     at async initDB (/opt/radiochat/dist/db.js:23:9)
2025-06-27T13:06:11:     at async initialize (/opt/radiochat/dist/server.js:23:9) {
2025-06-27T13:06:11:   clientVersion: '6.10.1',
2025-06-27T13:06:11:   errorCode: 'P1012',
2025-06-27T13:06:11:   retryable: undefined
2025-06-27T13:06:11: }
2025-06-27T13:06:15: [dotenv@16.6.0] injecting env (5) from .env
2025-06-27T13:06:15: Initializing server...
2025-06-27T13:06:15: DATABASE_URL configured: YES
2025-06-27T13:06:15: DATABASE_URL uses socket: YES
2025-06-27T13:06:15: DATABASE_URL: DATABASE_URL="postgresql://sreus:sizza1000@localhost/radiochat?host=/var/run/postgresql"
2025-06-27T13:06:15: All env vars: [ 'DATABASE_URL' ]
2025-06-27T13:06:15: Error connecting to Postgres PrismaClientInitializationError: error: Error validating datasource `db`: the URL must start with the protocol `postgresql://` or `postgres://`.
2025-06-27T13:06:15:   -->  schema.prisma:13
2025-06-27T13:06:15:    | 
2025-06-27T13:06:15: 12 |   provider = "postgresql"
2025-06-27T13:06:15: 13 |   url      = env("DATABASE_URL")
2025-06-27T13:06:15:    | 
2025-06-27T13:06:15: 
2025-06-27T13:06:15: Validation Error Count: 1
2025-06-27T13:06:15:     at r (/opt/radiochat/node_modules/@prisma/client/runtime/library.js:112:2565)
2025-06-27T13:06:15:     at async initDB (/opt/radiochat/dist/db.js:23:9)
2025-06-27T13:06:15:     at async initialize (/opt/radiochat/dist/server.js:23:9) {
2025-06-27T13:06:15:   clientVersion: '6.10.1',
2025-06-27T13:06:15:   errorCode: 'P1012',
2025-06-27T13:06:15:   retryable: undefined
2025-06-27T13:06:15: }
2025-06-27T13:06:20: [dotenv@16.6.0] injecting env (5) from .env
2025-06-27T13:06:20: Initializing server...
2025-06-27T13:06:20: DATABASE_URL configured: YES
2025-06-27T13:06:20: DATABASE_URL uses socket: YES
2025-06-27T13:06:20: DATABASE_URL: DATABASE_URL="postgresql://sreus:sizza1000@localhost/radiochat?host=/var/run/postgresql"
2025-06-27T13:06:20: All env vars: [ 'DATABASE_URL' ]
2025-06-27T13:06:20: Error connecting to Postgres PrismaClientInitializationError: error: Error validating datasource `db`: the URL must start with the protocol `postgresql://` or `postgres://`.
2025-06-27T13:06:20:   -->  schema.prisma:13
2025-06-27T13:06:20:    | 
2025-06-27T13:06:20: 12 |   provider = "postgresql"
2025-06-27T13:06:20: 13 |   url      = env("DATABASE_URL")
2025-06-27T13:06:20:    | 
2025-06-27T13:06:20: 
2025-06-27T13:06:20: Validation Error Count: 1
2025-06-27T13:06:20:     at r (/opt/radiochat/node_modules/@prisma/client/runtime/library.js:112:2565)
2025-06-27T13:06:20:     at async initDB (/opt/radiochat/dist/db.js:23:9)
2025-06-27T13:06:20:     at async initialize (/opt/radiochat/dist/server.js:23:9) {
2025-06-27T13:06:20:   clientVersion: '6.10.1',
2025-06-27T13:06:20:   errorCode: 'P1012',
2025-06-27T13:06:20:   retryable: undefined
2025-06-27T13:06:20: }
2025-06-27T13:06:24: [dotenv@16.6.0] injecting env (5) from .env
2025-06-27T13:06:24: Initializing server...
2025-06-27T13:06:24: DATABASE_URL configured: YES
2025-06-27T13:06:24: DATABASE_URL uses socket: YES
2025-06-27T13:06:24: DATABASE_URL: DATABASE_URL="postgresql://sreus:sizza1000@localhost/radiochat?host=/var/run/postgresql"
2025-06-27T13:06:24: All env vars: [ 'DATABASE_URL' ]
2025-06-27T13:06:24: Error connecting to Postgres PrismaClientInitializationError: error: Error validating datasource `db`: the URL must start with the protocol `postgresql://` or `postgres://`.
2025-06-27T13:06:24:   -->  schema.prisma:13
2025-06-27T13:06:24:    | 
2025-06-27T13:06:24: 12 |   provider = "postgresql"
2025-06-27T13:06:24: 13 |   url      = env("DATABASE_URL")
2025-06-27T13:06:24:    | 
2025-06-27T13:06:24: 
2025-06-27T13:06:24: Validation Error Count: 1
2025-06-27T13:06:24:     at r (/opt/radiochat/node_modules/@prisma/client/runtime/library.js:112:2565)
2025-06-27T13:06:24:     at async initDB (/opt/radiochat/dist/db.js:23:9)
2025-06-27T13:06:24:     at async initialize (/opt/radiochat/dist/server.js:23:9) {
2025-06-27T13:06:24:   clientVersion: '6.10.1',
2025-06-27T13:06:24:   errorCode: 'P1012',
2025-06-27T13:06:24:   retryable: undefined
2025-06-27T13:06:24: }
2025-06-27T13:06:29: [dotenv@16.6.0] injecting env (5) from .env
2025-06-27T13:06:29: Initializing server...
2025-06-27T13:06:29: DATABASE_URL configured: YES
2025-06-27T13:06:29: DATABASE_URL uses socket: YES
2025-06-27T13:06:29: DATABASE_URL: DATABASE_URL="postgresql://sreus:sizza1000@localhost/radiochat?host=/var/run/postgresql"
2025-06-27T13:06:29: All env vars: [ 'DATABASE_URL' ]
2025-06-27T13:06:29: Error connecting to Postgres PrismaClientInitializationError: error: Error validating datasource `db`: the URL must start with the protocol `postgresql://` or `postgres://`.
2025-06-27T13:06:29:   -->  schema.prisma:13
2025-06-27T13:06:29:    | 
2025-06-27T13:06:29: 12 |   provider = "postgresql"
2025-06-27T13:06:29: 13 |   url      = env("DATABASE_URL")
2025-06-27T13:06:29:    | 
2025-06-27T13:06:29: 
2025-06-27T13:06:29: Validation Error Count: 1
2025-06-27T13:06:29:     at r (/opt/radiochat/node_modules/@prisma/client/runtime/library.js:112:2565)
2025-06-27T13:06:29:     at async initDB (/opt/radiochat/dist/db.js:23:9)
2025-06-27T13:06:29:     at async initialize (/opt/radiochat/dist/server.js:23:9) {
2025-06-27T13:06:29:   clientVersion: '6.10.1',
2025-06-27T13:06:29:   errorCode: 'P1012',
2025-06-27T13:06:29:   retryable: undefined
2025-06-27T13:06:29: }
2025-06-27T13:06:33: [dotenv@16.6.0] injecting env (5) from .env
2025-06-27T13:06:33: Initializing server...
2025-06-27T13:06:33: DATABASE_URL configured: YES
2025-06-27T13:06:33: DATABASE_URL uses socket: YES
2025-06-27T13:06:33: DATABASE_URL: DATABASE_URL="postgresql://sreus:sizza1000@localhost/radiochat?host=/var/run/postgresql"
2025-06-27T13:06:33: All env vars: [ 'DATABASE_URL' ]
2025-06-27T13:06:33: Error connecting to Postgres PrismaClientInitializationError: error: Error validating datasource `db`: the URL must start with the protocol `postgresql://` or `postgres://`.
2025-06-27T13:06:33:   -->  schema.prisma:13
2025-06-27T13:06:33:    | 
2025-06-27T13:06:33: 12 |   provider = "postgresql"
2025-06-27T13:06:33: 13 |   url      = env("DATABASE_URL")
2025-06-27T13:06:33:    | 
2025-06-27T13:06:33: 
2025-06-27T13:06:33: Validation Error Count: 1
2025-06-27T13:06:33:     at r (/opt/radiochat/node_modules/@prisma/client/runtime/library.js:112:2565)
2025-06-27T13:06:33:     at async initDB (/opt/radiochat/dist/db.js:23:9)
2025-06-27T13:06:33:     at async initialize (/opt/radiochat/dist/server.js:23:9) {
2025-06-27T13:06:33:   clientVersion: '6.10.1',
2025-06-27T13:06:33:   errorCode: 'P1012',
2025-06-27T13:06:33:   retryable: undefined
2025-06-27T13:06:33: }
2025-06-27T13:23:36: [dotenv@16.6.0] injecting env (5) from .env
2025-06-27T13:23:37: Initializing server...
2025-06-27T13:23:37: DATABASE_URL configured: YES
2025-06-27T13:23:37: DATABASE_URL uses socket: YES
2025-06-27T13:23:37: DATABASE_URL: postgresql://sreus:sizza1000@localhost/radiochat?host=/var/run/postgresql
2025-06-27T13:23:37: All env vars: [ 'DATABASE_URL' ]
2025-06-27T13:23:37: Connected to Postgres successfully!
2025-06-27T13:23:37: Database URL configured: YES
2025-06-27T13:23:37: Loading 0 existing rooms from database
2025-06-27T13:23:37: Server started successfully on port 8080.
2025-06-27T13:26:59: Room 2787fa4 created by sreus.
2025-06-27T13:27:45: btuch requested to join room 2787fa4.
2025-06-27T13:27:48: btuch has been admitted to room 2787fa4.
2025-06-27T13:36:18: hsh requested to join room 2787fa4.
